{"error":{},"level":"error","message":"Falha ao obter posts","service":"user-service"}
{"error":{},"level":"error","message":"Falha ao obter posts","service":"user-service"}
{"error":{},"level":"error","message":"Falha ao obter posts","service":"user-service"}
{"error":{"clientVersion":"5.16.1","name":"PrismaClientValidationError"},"level":"error","message":"Falha ao obter posts","service":"user-service"}
{"error":{"clientVersion":"5.16.1","name":"PrismaClientValidationError"},"level":"error","message":"Falha ao obter posts","service":"user-service"}
{"error":{"clientVersion":"5.16.1","name":"PrismaClientValidationError"},"level":"error","message":"Falha ao obter posts","service":"user-service"}
{"error":{},"level":"error","message":"Falha ao obter o post com slug","service":"user-service","slug":"webpack-um-guia-para-iniciantess"}
{"error":{},"level":"error","message":"Falha ao obter o post com slug","service":"user-service","slug":"webpack-um-guia-para-iniciantess"}
{"error":{},"level":"error","message":"Falha ao obter o post com slug","service":"user-service","slug":"webpack-um-guia-para-iniciantess"}
{"error":{},"level":"error","message":"Falha ao obter o post com slug","service":"user-service","slug":"webpack-um-guia-para-s"}
{"error":{},"level":"error","message":"Falha ao obter o post com slug","service":"user-service","slug":"webpack-um-guia-para-s"}
{"error":{},"level":"error","message":"Falha ao obter o post com slug","service":"user-service","slug":"webpack-um-guia-para-s"}
{"error":{},"level":"error","message":"Falha ao obter o post com slug","service":"user-service","slug":"webpack-um-guia-para-s"}
{"error":{},"level":"error","message":"Falha ao obter o post com slug","service":"user-service","slug":"webpack-um-guia-para-s"}
{"error":{},"level":"error","message":"Falha ao obter o post com slug","service":"user-service","slug":"webpack-um-guia-para-s"}
{"error":{},"level":"error","message":"Falha ao obter o post com slug","service":"user-service","slug":"webpack-um-guia-para-s"}
{"error":{},"level":"error","message":"Falha ao obter o post com slug","service":"user-service","slug":"webpack-um-guia-para-s"}
{"error":{},"level":"error","message":"Falha ao obter o post com slug","service":"user-service","slug":"webpack-um-guia-para-s"}
{"error":{},"level":"error","message":"Falha ao obter o post com slug","service":"user-service","slug":"webpack-um-guia-para-s"}
{"error":{},"level":"error","message":"Falha ao obter o post com slug","service":"user-service","slug":"webpack-um-guia-para-s"}
{"error":{},"level":"error","message":"Falha ao obter o post com slug","service":"user-service","slug":"webpack-um-guia-para-s"}
{"error":{},"level":"error","message":"Falha ao obter o post com slug","service":"user-service","slug":"webpack-um-guia-para-s"}
{"error":{},"level":"error","message":"Falha ao obter o post com slug","service":"user-service","slug":"dicas-de-acessibilidade-webs"}
{"error":{},"level":"error","message":"Falha ao obter o post com slug","service":"user-service","slug":"construindo-spa-com-s"}
{"error":{},"level":"error","message":"Falha ao obter o post com slug","service":"user-service","slug":"construindo-spa-com-s"}
{"error":{},"level":"error","message":"Falha ao obter o post com slug","service":"user-service","slug":"construindo-spa-com-s"}
{"error":{},"level":"error","message":"Falha ao obter o post com slug","service":"user-service","slug":"construindo-spa-com-s"}
{"error":{},"level":"error","message":"Falha ao obter o post com slug","service":"user-service","slug":"construindo-spa-com-s"}
{"error":{},"level":"error","message":"Falha ao obter o post com slug","service":"user-service","slug":"construindo-spa-com-s"}
{"error":{},"level":"error","message":"Falha ao obter o post com slug","service":"user-service","slug":"construindo-spa-com-s"}
{"error":{},"level":"error","message":"Falha ao obter o post com slug","service":"user-service","slug":"construindo-spa-com-s"}
{"error":{},"level":"error","message":"Falha ao obter o post com slug","service":"user-service","slug":"construindo-spa-com-s"}
{"error":{},"level":"error","message":"Falha ao obter o post com slug","service":"user-service","slug":"construindo-spa-com-s"}
{"error":{},"level":"error","message":"Falha ao obter o post com slug","service":"user-service","slug":"introducao-ao-reacta"}
{"error":{},"level":"error","message":"Falha ao obter o post com slug","service":"user-service","slug":"introducao-ao-reacta"}
{"error":{},"level":"error","message":"Falha ao obter o post com slug","service":"user-service","slug":"introducao-ao-reacta"}
{"error":{},"level":"error","message":"Falha ao obter o post com slug","service":"user-service","slug":"introducao-ao-reacts"}
{"error":{},"level":"error","message":"Falha ao obter o post com slug","service":"user-service","slug":"introducao-ao-reacts"}
{"error":{},"level":"error","message":"Falha ao obter o post com slug","service":"user-service","slug":"introducao-ao-reacts"}
{"error":{},"level":"error","message":"Falha ao obter o post com slug","service":"user-service","slug":"introducao-ao-reacts"}
{"error":{},"level":"error","message":"Falha ao obter o post com slug","service":"user-service","slug":"introducao-ao-reacts"}
{"error":{},"level":"error","message":"Falha ao obter o post com slug","service":"user-service","slug":"introducao-ao-reacts"}
{"error":{},"level":"error","message":"Falha ao obter o post com slug","service":"user-service","slug":"introducao-ao-reacts"}
{"error":{},"level":"error","message":"Falha ao obter o post com slug","service":"user-service","slug":"introducao-ao-reacta"}
{"error":{},"level":"error","message":"Falha ao obter o post com slug","service":"user-service","slug":"introducao-ao-reacta"}
{"error":{},"level":"error","message":"Falha ao obter o post com slug","service":"user-service","slug":"introducao-ao-reacta"}
{"error":{},"level":"error","message":"Falha ao obter o post com slug","service":"user-service","slug":"introducao-ao-reacta"}
{"error":{},"level":"error","message":"Falha ao obter o post com slug","service":"user-service","slug":"introducao-ao-reacts"}
{"error":{},"level":"error","message":"Falha ao obter o post com slug","service":"user-service","slug":"introducao-ao-reacts"}
{"error":{},"level":"error","message":"Falha ao obter o post com slug","service":"user-service","slug":"introducao-ao-reacts"}
{"error":{},"level":"error","message":"Falha ao obter o post com slug","service":"user-service","slug":"introducao-ao-reacts"}
